[baseline-browser-mapping] The data in this module is over two months old.  To ensure accurate Baseline data, please update: `npm i baseline-browser-mapping@latest -D`
▲ Next.js 16.1.6 (Turbopack)
- Local:         http://localhost:3000
- Network:       http://10.38.96.74:3000

✓ Starting...
[MDX] generated files in 23.229388999999628ms
[MDX] started dev server
⚠ The "middleware" file convention is deprecated. Please use "proxy" instead. Learn more: https://nextjs.org/docs/messages/middleware-to-proxy
✓ Ready in 2.9s
○ Compiling / ...
⨯ ./template-fumadocs/components/DocsHomepage/code-example.tsx:10:1
Module not found: Can't resolve 'highlight.js/lib/core'
[0m [90m  8 |[39m [36mimport[39m { [33mButton[39m } [36mfrom[39m [32m"@/components/ui/button"[39m
 [90m  9 |[39m [36mimport[39m { [33mCopy[39m[33m,[39m [33mCheck[39m } [36mfrom[39m [32m"lucide-react"[39m
[31m[1m>[22m[39m[90m 10 |[39m [36mimport[39m hljs [36mfrom[39m [32m'highlight.js/lib/core'[39m
 [90m    |[39m [31m[1m^[22m[39m[31m[1m^[22m[39m[31m[1m^[22m[39m[31m[1m^[22m[39m[31m[1m^[22m[39m[31m[1m^[22m[39m[31m[1m^[22m[39m[31m[1m^[22m[39m[31m[1m^[22m[39m[31m[1m^[22m[39m[31m[1m^[22m[39m[31m[1m^[22m[39m[31m[1m^[22m[39m[31m[1m^[22m[39m[31m[1m^[22m[39m[31m[1m^[22m[39m[31m[1m^[22m[39m[31m[1m^[22m[39m[31m[1m^[22m[39m[31m[1m^[22m[39m[31m[1m^[22m[39m[31m[1m^[22m[39m[31m[1m^[22m[39m[31m[1m^[22m[39m[31m[1m^[22m[39m[31m[1m^[22m[39m[31m[1m^[22m[39m[31m[1m^[22m[39m[31m[1m^[22m[39m[31m[1m^[22m[39m[31m[1m^[22m[39m[31m[1m^[22m[39m[31m[1m^[22m[39m[31m[1m^[22m[39m[31m[1m^[22m[39m[31m[1m^[22m[39m[31m[1m^[22m[39m[31m[1m^[22m[39m[31m[1m^[22m[39m[31m[1m^[22m[39m
 [90m 11 |[39m [36mimport[39m javascript [36mfrom[39m [32m'highlight.js/lib/languages/javascript'[39m
 [90m 12 |[39m [36mimport[39m typescript [36mfrom[39m [32m'highlight.js/lib/languages/typescript'[39m
 [90m 13 |[39m [36mimport[39m bash [36mfrom[39m [32m'highlight.js/lib/languages/bash'[39m[0m



Import trace:
  Server Component:
    ./template-fumadocs/components/DocsHomepage/code-example.tsx
    ./template-fumadocs/app/(home)/page.tsx

https://nextjs.org/docs/messages/module-not-found



./template-fumadocs/components/DocsHomepage/code-example.tsx:13:1
Module not found: Can't resolve 'highlight.js/lib/languages/bash'
[0m [90m 11 |[39m [36mimport[39m javascript [36mfrom[39m [32m'highlight.js/lib/languages/javascript'[39m
 [90m 12 |[39m [36mimport[39m typescript [36mfrom[39m [32m'highlight.js/lib/languages/typescript'[39m
[31m[1m>[22m[39m[90m 13 |[39m [36mimport[39m bash [36mfrom[39m [32m'highlight.js/lib/languages/bash'[39m
 [90m    |[39m [31m[1m^[22m[39m[31m[1m^[22m[39m[31m[1m^[22m[39m[31m[1m^[22m[39m[31m[1m^[22m[39m[31m[1m^[22m[39m[31m[1m^[22m[39m[31m[1m^[22m[39m[31m[1m^[22m[39m[31m[1m^[22m[39m[31m[1m^[22m[39m[31m[1m^[22m[39m[31m[1m^[22m[39m[31m[1m^[22m[39m[31m[1m^[22m[39m[31m[1m^[22m[39m[31m[1m^[22m[39m[31m[1m^[22m[39m[31m[1m^[22m[39m[31m[1m^[22m[39m[31m[1m^[22m[39m[31m[1m^[22m[39m[31m[1m^[22m[39m[31m[1m^[22m[39m[31m[1m^[22m[39m[31m[1m^[22m[39m[31m[1m^[22m[39m[31m[1m^[22m[39m[31m[1m^[22m[39m[31m[1m^[22m[39m[31m[1m^[22m[39m[31m[1m^[22m[39m[31m[1m^[22m[39m[31m[1m^[22m[39m[31m[1m^[22m[39m[31m[1m^[22m[39m[31m[1m^[22m[39m[31m[1m^[22m[39m[31m[1m^[22m[39m[31m[1m^[22m[39m[31m[1m^[22m[39m[31m[1m^[22m[39m[31m[1m^[22m[39m[31m[1m^[22m[39m[31m[1m^[22m[39m[31m[1m^[22m[39m[31m[1m^[22m[39m[31m[1m^[22m[39m[31m[1m^[22m[39m[31m[1m^[22m[39m
 [90m 14 |[39m [36mimport[39m [32m'highlight.js/styles/github-dark.css'[39m
 [90m 15 |[39m
 [90m 16 |[39m [90m// Register languages[39m[0m



Import trace:
  Server Component:
    ./template-fumadocs/components/DocsHomepage/code-example.tsx
    ./template-fumadocs/app/(home)/page.tsx

https://nextjs.org/docs/messages/module-not-found



./template-fumadocs/components/DocsHomepage/code-example.tsx:11:1
Module not found: Can't resolve 'highlight.js/lib/languages/javascript'
[0m [90m  9 |[39m [36mimport[39m { [33mCopy[39m[33m,[39m [33mCheck[39m } [36mfrom[39m [32m"lucide-react"[39m
 [90m 10 |[39m [36mimport[39m hljs [36mfrom[39m [32m'highlight.js/lib/core'[39m
[31m[1m>[22m[39m[90m 11 |[39m [36mimport[39m javascript [36mfrom[39m [32m'highlight.js/lib/languages/javascript'[39m
 [90m    |[39m [31m[1m^[22m[39m[31m[1m^[22m[39m[31m[1m^[22m[39m[31m[1m^[22m[39m[31m[1m^[22m[39m[31m[1m^[22m[39m[31m[1m^[22m[39m[31m[1m^[22m[39m[31m[1m^[22m[39m[31m[1m^[22m[39m[31m[1m^[22m[39m[31m[1m^[22m[39m[31m[1m^[22m[39m[31m[1m^[22m[39m[31m[1m^[22m[39m[31m[1m^[22m[39m[31m[1m^[22m[39m[31m[1m^[22m[39m[31m[1m^[22m[39m[31m[1m^[22m[39m[31m[1m^[22m[39m[31m[1m^[22m[39m[31m[1m^[22m[39m[31m[1m^[22m[39m[31m[1m^[22m[39m[31m[1m^[22m[39m[31m[1m^[22m[39m[31m[1m^[22m[39m[31m[1m^[22m[39m[31m[1m^[22m[39m[31m[1m^[22m[39m[31m[1m^[22m[39m[31m[1m^[22m[39m[31m[1m^[22m[39m[31m[1m^[22m[39m[31m[1m^[22m[39m[31m[1m^[22m[39m[31m[1m^[22m[39m[31m[1m^[22m[39m[31m[1m^[22m[39m[31m[1m^[22m[39m[31m[1m^[22m[39m[31m[1m^[22m[39m[31m[1m^[22m[39m[31m[1m^[22m[39m[31m[1m^[22m[39m[31m[1m^[22m[39m[31m[1m^[22m[39m[31m[1m^[22m[39m[31m[1m^[22m[39m[31m[1m^[22m[39m[31m[1m^[22m[39m[31m[1m^[22m[39m[31m[1m^[22m[39m[31m[1m^[22m[39m[31m[1m^[22m[39m[31m[1m^[22m[39m[31m[1m^[22m[39m[31m[1m^[22m[39m[31m[1m^[22m[39m[31m[1m^[22m[39m[31m[1m^[22m[39m
 [90m 12 |[39m [36mimport[39m typescript [36mfrom[39m [32m'highlight.js/lib/languages/typescript'[39m
 [90m 13 |[39m [36mimport[39m bash [36mfrom[39m [32m'highlight.js/lib/languages/bash'[39m
 [90m 14 |[39m [36mimport[39m [32m'highlight.js/styles/github-dark.css'[39m[0m



Import trace:
  Server Component:
    ./template-fumadocs/components/DocsHomepage/code-example.tsx
    ./template-fumadocs/app/(home)/page.tsx

https://nextjs.org/docs/messages/module-not-found



./template-fumadocs/components/DocsHomepage/code-example.tsx:12:1
Module not found: Can't resolve 'highlight.js/lib/languages/typescript'
[0m [90m 10 |[39m [36mimport[39m hljs [36mfrom[39m [32m'highlight.js/lib/core'[39m
 [90m 11 |[39m [36mimport[39m javascript [36mfrom[39m [32m'highlight.js/lib/languages/javascript'[39m
[31m[1m>[22m[39m[90m 12 |[39m [36mimport[39m typescript [36mfrom[39m [32m'highlight.js/lib/languages/typescript'[39m
 [90m    |[39m [31m[1m^[22m[39m[31m[1m^[22m[39m[31m[1m^[22m[39m[31m[1m^[22m[39m[31m[1m^[22m[39m[31m[1m^[22m[39m[31m[1m^[22m[39m[31m[1m^[22m[39m[31m[1m^[22m[39m[31m[1m^[22m[39m[31m[1m^[22m[39m[31m[1m^[22m[39m[31m[1m^[22m[39m[31m[1m^[22m[39m[31m[1m^[22m[39m[31m[1m^[22m[39m[31m[1m^[22m[39m[31m[1m^[22m[39m[31m[1m^[22m[39m[31m[1m^[22m[39m[31m[1m^[22m[39m[31m[1m^[22m[39m[31m[1m^[22m[39m[31m[1m^[22m[39m[31m[1m^[22m[39m[31m[1m^[22m[39m[31m[1m^[22m[39m[31m[1m^[22m[39m[31m[1m^[22m[39m[31m[1m^[22m[39m[31m[1m^[22m[39m[31m[1m^[22m[39m[31m[1m^[22m[39m[31m[1m^[22m[39m[31m[1m^[22m[39m[31m[1m^[22m[39m[31m[1m^[22m[39m[31m[1m^[22m[39m[31m[1m^[22m[39m[31m[1m^[22m[39m[31m[1m^[22m[39m[31m[1m^[22m[39m[31m[1m^[22m[39m[31m[1m^[22m[39m[31m[1m^[22m[39m[31m[1m^[22m[39m[31m[1m^[22m[39m[31m[1m^[22m[39m[31m[1m^[22m[39m[31m[1m^[22m[39m[31m[1m^[22m[39m[31m[1m^[22m[39m[31m[1m^[22m[39m[31m[1m^[22m[39m[31m[1m^[22m[39m[31m[1m^[22m[39m[31m[1m^[22m[39m[31m[1m^[22m[39m[31m[1m^[22m[39m[31m[1m^[22m[39m[31m[1m^[22m[39m[31m[1m^[22m[39m
 [90m 13 |[39m [36mimport[39m bash [36mfrom[39m [32m'highlight.js/lib/languages/bash'[39m
 [90m 14 |[39m [36mimport[39m [32m'highlight.js/styles/github-dark.css'[39m
 [90m 15 |[39m[0m



Import trace:
  Server Component:
    ./template-fumadocs/components/DocsHomepage/code-example.tsx
    ./template-fumadocs/app/(home)/page.tsx

https://nextjs.org/docs/messages/module-not-found


⚠ Found a change in next.config.ts. Restarting the server to apply the changes...
[MDX] closing dev server
[baseline-browser-mapping] The data in this module is over two months old.  To ensure accurate Baseline data, please update: `npm i baseline-browser-mapping@latest -D`
▲ Next.js 16.1.6 (Turbopack)
- Local:         http://localhost:3000
- Network:       http://10.38.96.74:3000

✓ Starting...
[MDX] generated files in 14.094075999999859ms
[MDX] started dev server
⚠ The "middleware" file convention is deprecated. Please use "proxy" instead. Learn more: https://nextjs.org/docs/messages/middleware-to-proxy
✓ Ready in 2.3s
